<?xml version="1.0" encoding="UTF-8"?>
<testng-results ignored="0" total="1" passed="1" failed="0" skipped="0">
  <reporter-output>
  </reporter-output>
  <suite started-at="2020-02-24T03:52:35Z" name="inetBanking" finished-at="2020-02-24T03:52:46Z" duration-ms="10436">
    <groups>
    </groups>
    <test started-at="2020-02-24T03:52:35Z" name="BankingApp Test" finished-at="2020-02-24T03:52:46Z" duration-ms="10436">
      <class name="com.inetBanking.testCases.TC_LoginTest_001">
        <test-method is-config="true" signature="setup(java.lang.String)[pri:0, instance:com.inetBanking.testCases.TC_LoginTest_001@10d59286]" started-at="2020-02-24T03:52:36Z" name="setup" finished-at="2020-02-24T03:52:43Z" duration-ms="7440" status="PASS">
          <params>
            <param index="0">
              <value>
                <![CDATA[chrome]]>
              </value>
            </param>
          </params>
          <reporter-output>
          </reporter-output>
        </test-method> <!-- setup -->
        <test-method signature="loginTest()[pri:0, instance:com.inetBanking.testCases.TC_LoginTest_001@10d59286]" started-at="2020-02-24T03:52:43Z" name="loginTest" finished-at="2020-02-24T03:52:45Z" duration-ms="2062" status="PASS">
          <reporter-output>
          </reporter-output>
        </test-method> <!-- loginTest -->
        <test-method is-config="true" signature="tearDown()[pri:0, instance:com.inetBanking.testCases.TC_LoginTest_001@10d59286]" started-at="2020-02-24T03:52:45Z" name="tearDown" finished-at="2020-02-24T03:52:46Z" duration-ms="608" status="PASS">
          <reporter-output>
          </reporter-output>
        </test-method> <!-- tearDown -->
      </class> <!-- com.inetBanking.testCases.TC_LoginTest_001 -->
    </test> <!-- BankingApp Test -->
  </suite> <!-- inetBanking -->
</testng-results>
